<?xml version="1.0" encoding="UTF-8"?>
<testsuite xmlns:xsi="http://www.w3.org/2001/XMLSchema-instance" xsi:noNamespaceSchemaLocation="https://maven.apache.org/surefire/maven-surefire-plugin/xsd/surefire-test-report-3.0.xsd" version="3.0" name="runners.TestRunner" time="4.918" tests="1" errors="0" skipped="0" failures="0">
  <properties>
[...]
</properties>
  <testcase name="runScenario[&quot;Open iframe page and validate image change&quot;, &quot;Verify IFrame Page functionality&quot;](1)" classname="runners.TestRunner" time="4.339">
    <system-out><![CDATA[
Scenario: Open iframe page and validate image change                                                        # src/test/resources/features/IFrameTest.feature:3
  Given User launches the application                                                                       # stepDefinitions.IframeSteps.user_launches_application()
  Then Title of the page should be "Automation & AI Testing Courses by Gianni Bruno | WebDriver University" # stepDefinitions.IframeSteps.title_of_the_page_should_be(java.lang.String)
  When User clicks on IFRAME link                                                                           # stepDefinitions.IframeSteps.click_iframe_link()
  And Switches to new tab                                                                                   # stepDefinitions.IframeSteps.switches_to_new_tab()
  Then Verify image is displayed                                                                            # stepDefinitions.IframeSteps.verify_image_displayed()
  And Clicks on the right arrow button                                                                      # stepDefinitions.IframeSteps.click_right_arrow_button()
  Then Verify that image changes                                                                            # stepDefinitions.IframeSteps.verify_image_changes()
]]></system-out>
    <system-err><![CDATA[SLF4J: Failed to load class "org.slf4j.impl.StaticLoggerBinder".
SLF4J: Defaulting to no-operation (NOP) logger implementation
SLF4J: See http://www.slf4j.org/codes.html#StaticLoggerBinder for further details.
Aug 13, 2025 5:27:07 PM org.openqa.selenium.devtools.CdpVersionFinder findNearestMatch
WARNING: Unable to find CDP implementation matching 134
Aug 13, 2025 5:27:07 PM org.openqa.selenium.chromium.ChromiumDriver lambda$new$5
WARNING: Unable to find version of CDP to use for 134.0.6998.165. You may need to include a dependency on a specific version of the CDP using something similar to `org.seleniumhq.selenium:selenium-devtools-v86:4.23.0` where the version ("v86") matches the version of the chromium-based browser you're using and the version number of the artifact is the same as Selenium's.
]]></system-err>
  </testcase>
</testsuite>